[repro] Using --seed 41; experiment_name=cgse_phase2_cifar_full_cgse_seed41
[critic] CGSE mutation gating: window [10, 10], ε=0.25, force_end=True
Epoch 000 | train_loss 1.3982 | train_acc 0.4882 | val_loss 1.1239 | val_acc 0.5865 | critic -0.0335
Epoch 001 | train_loss 1.0209 | train_acc 0.6360 | val_loss 1.0157 | val_acc 0.6439 | critic -0.0384
Epoch 002 | train_loss 0.8900 | train_acc 0.6838 | val_loss 0.9340 | val_acc 0.6771 | critic -0.0388
Epoch 003 | train_loss 0.8146 | train_acc 0.7121 | val_loss 0.7375 | val_acc 0.7415 | critic -0.0320
Epoch 004 | train_loss 0.7641 | train_acc 0.7319 | val_loss 0.8228 | val_acc 0.7058 | critic -0.0690
Epoch 005 | train_loss 0.7225 | train_acc 0.7468 | val_loss 0.6554 | val_acc 0.7747 | critic -0.0301
Epoch 006 | train_loss 0.6912 | train_acc 0.7591 | val_loss 0.7472 | val_acc 0.7395 | critic -0.0707
Epoch 007 | train_loss 0.6659 | train_acc 0.7657 | val_loss 0.6694 | val_acc 0.7627 | critic -0.0510
Epoch 008 | train_loss 0.6369 | train_acc 0.7762 | val_loss 0.6673 | val_acc 0.7708 | critic -0.0580
Epoch 009 | train_loss 0.6202 | train_acc 0.7828 | val_loss 0.6619 | val_acc 0.7688 | critic -0.0621
[mutation] (critic) Applied edge_widen(fc1, delta=32) after epoch 10; params 620810 -> 686698; optimizer refreshed.
Epoch 010 | train_loss 0.6028 | train_acc 0.7877 | val_loss 0.5889 | val_acc 0.7971 | mutation=on | critic -0.0529
Epoch 011 | train_loss 0.5861 | train_acc 0.7957 | val_loss 0.6379 | val_acc 0.7853 | mutation=on | critic -0.1603
Epoch 012 | train_loss 0.5693 | train_acc 0.8019 | val_loss 0.5970 | val_acc 0.7996 | mutation=on | critic -0.1584
Epoch 013 | train_loss 0.5588 | train_acc 0.8066 | val_loss 0.6392 | val_acc 0.7828 | mutation=on | critic -0.1640
Epoch 014 | train_loss 0.5484 | train_acc 0.8086 | val_loss 0.6243 | val_acc 0.7854 | mutation=on | critic -0.1612
Epoch 015 | train_loss 0.5370 | train_acc 0.8127 | val_loss 0.5418 | val_acc 0.8143 | mutation=on | critic -0.1623
Epoch 016 | train_loss 0.5225 | train_acc 0.8170 | val_loss 0.6095 | val_acc 0.7893 | mutation=on | critic -0.1699
Epoch 017 | train_loss 0.5150 | train_acc 0.8208 | val_loss 0.6370 | val_acc 0.7810 | mutation=on | critic -0.1670
Epoch 018 | train_loss 0.5040 | train_acc 0.8239 | val_loss 0.5736 | val_acc 0.7995 | mutation=on | critic -0.1666
Epoch 019 | train_loss 0.4990 | train_acc 0.8253 | val_loss 0.5549 | val_acc 0.8103 | mutation=on | critic -0.1687
Epoch 020 | train_loss 0.4851 | train_acc 0.8300 | val_loss 0.5632 | val_acc 0.8066 | mutation=on | critic -0.1709
Epoch 021 | train_loss 0.4850 | train_acc 0.8313 | val_loss 0.5464 | val_acc 0.8101 | mutation=on | critic -0.1718
Epoch 022 | train_loss 0.4780 | train_acc 0.8324 | val_loss 0.5496 | val_acc 0.8142 | mutation=on | critic -0.1735
Epoch 023 | train_loss 0.4705 | train_acc 0.8360 | val_loss 0.5802 | val_acc 0.8046 | mutation=on | critic -0.1753
Epoch 024 | train_loss 0.4708 | train_acc 0.8369 | val_loss 0.5261 | val_acc 0.8216 | mutation=on | critic -0.1724
Epoch 025 | train_loss 0.4605 | train_acc 0.8407 | val_loss 0.5081 | val_acc 0.8291 | mutation=on | critic -0.1762
Epoch 026 | train_loss 0.4544 | train_acc 0.8410 | val_loss 0.5072 | val_acc 0.8281 | mutation=on | critic -0.1789
Epoch 027 | train_loss 0.4539 | train_acc 0.8443 | val_loss 0.5033 | val_acc 0.8319 | mutation=on | critic -0.1780
Epoch 028 | train_loss 0.4472 | train_acc 0.8453 | val_loss 0.5851 | val_acc 0.8080 | mutation=on | critic -0.1832
Epoch 029 | train_loss 0.4386 | train_acc 0.8461 | val_loss 0.5108 | val_acc 0.8232 | mutation=on | critic -0.1765
Epoch 030 | train_loss 0.4369 | train_acc 0.8478 | val_loss 0.5202 | val_acc 0.8238 | mutation=on | critic -0.1801
Epoch 031 | train_loss 0.4320 | train_acc 0.8498 | val_loss 0.5317 | val_acc 0.8192 | mutation=on | critic -0.1818
Epoch 032 | train_loss 0.4307 | train_acc 0.8499 | val_loss 0.5030 | val_acc 0.8264 | mutation=on | critic -0.1792
Epoch 033 | train_loss 0.4230 | train_acc 0.8532 | val_loss 0.5057 | val_acc 0.8271 | mutation=on | critic -0.1815
Epoch 034 | train_loss 0.4245 | train_acc 0.8519 | val_loss 0.5051 | val_acc 0.8295 | mutation=on | critic -0.1811
Epoch 035 | train_loss 0.4163 | train_acc 0.8560 | val_loss 0.5551 | val_acc 0.8106 | mutation=on | critic -0.1870
Epoch 036 | train_loss 0.4135 | train_acc 0.8555 | val_loss 0.4971 | val_acc 0.8315 | mutation=on | critic -0.1780
Epoch 037 | train_loss 0.4158 | train_acc 0.8543 | val_loss 0.5071 | val_acc 0.8318 | mutation=on | critic -0.1828
Epoch 038 | train_loss 0.4072 | train_acc 0.8577 | val_loss 0.5008 | val_acc 0.8301 | mutation=on | critic -0.1841
Epoch 039 | train_loss 0.4036 | train_acc 0.8602 | val_loss 0.4988 | val_acc 0.8296 | mutation=on | critic -0.1841
Epoch 040 | train_loss 0.4020 | train_acc 0.8593 | val_loss 0.5273 | val_acc 0.8233 | mutation=on | critic -0.1859
Epoch 041 | train_loss 0.4066 | train_acc 0.8570 | val_loss 0.4646 | val_acc 0.8421 | mutation=on | critic -0.1797
Epoch 042 | train_loss 0.3988 | train_acc 0.8610 | val_loss 0.4833 | val_acc 0.8366 | mutation=on | critic -0.1864
Epoch 043 | train_loss 0.3995 | train_acc 0.8607 | val_loss 0.4846 | val_acc 0.8362 | mutation=on | critic -0.1852
Epoch 044 | train_loss 0.3950 | train_acc 0.8617 | val_loss 0.5458 | val_acc 0.8224 | mutation=on | critic -0.1894
Epoch 045 | train_loss 0.3924 | train_acc 0.8651 | val_loss 0.4927 | val_acc 0.8353 | mutation=on | critic -0.1832
Epoch 046 | train_loss 0.3893 | train_acc 0.8635 | val_loss 0.5036 | val_acc 0.8353 | mutation=on | critic -0.1867
Epoch 047 | train_loss 0.3872 | train_acc 0.8647 | val_loss 0.4834 | val_acc 0.8349 | mutation=on | critic -0.1869
Epoch 048 | train_loss 0.3873 | train_acc 0.8649 | val_loss 0.5074 | val_acc 0.8349 | mutation=on | critic -0.1873
Epoch 049 | train_loss 0.3859 | train_acc 0.8662 | val_loss 0.4997 | val_acc 0.8329 | mutation=on | critic -0.1881
Saved checkpoint to checkpoints/cgse_phase2_cifar_full_cgse_seed41.pt
Saved critic weights to checkpoints/cgse_phase2_cifar_full_cgse_seed41_critic.pt
